<?xml version="1.0" encoding="UTF-8"?>
<testsuite xmlns:xsi="http://www.w3.org/2001/XMLSchema-instance" xsi:noNamespaceSchemaLocation="https://maven.apache.org/surefire/maven-surefire-plugin/xsd/surefire-test-report-3.0.xsd" version="3.0" name="com.readlab.models.PaymentTest" time="0.007" tests="11" errors="0" skipped="0" failures="0">
  <properties>
[...]
</properties>
  <testcase name="prosesPembayaran_shouldSetStatusToDoneAfterVerification" classname="com.readlab.models.PaymentTest" time="0.001"/>
  <testcase name="constructor_shouldSetFields" classname="com.readlab.models.PaymentTest" time="0.0"/>
  <testcase name="printPayment_shouldNotThrow" classname="com.readlab.models.PaymentTest" time="0.001">
    <system-out><![CDATA[Payment ID: PAY001
Payment amount: 6000
Payment method: QRIS
Payment status: done
]]></system-out>
  </testcase>
  <testcase name="printPayment_shouldContainCorrectInfo" classname="com.readlab.models.PaymentTest" time="0.001"/>
  <testcase name="setPayment_amount_shouldUpdateAmount" classname="com.readlab.models.PaymentTest" time="0.001"/>
  <testcase name="prosesPembayaran_shouldHandleZeroAmountWithFee" classname="com.readlab.models.PaymentTest" time="0.0"/>
  <testcase name="prosesPembayaran_shouldDefaultToOthersFeeForUnknownMethod" classname="com.readlab.models.PaymentTest" time="0.001"/>
  <testcase name="prosesPembayaran_shouldAddQrisFee" classname="com.readlab.models.PaymentTest" time="0.0"/>
  <testcase name="prosesPembayaran_shouldAddOthersFee" classname="com.readlab.models.PaymentTest" time="0.0"/>
  <testcase name="setPayment_method_shouldUpdateMethod" classname="com.readlab.models.PaymentTest" time="0.001"/>
  <testcase name="verifikasiPembayaran_shouldSetStatusToDone" classname="com.readlab.models.PaymentTest" time="0.0"/>
</testsuite>